2026.03.15 20:20:45,524	WARNING	3	org.l2jmobius.commons.util.ConfigReader	Config 'LoginHostname' not found in file 'Server.ini', using default: 127.0.0.1.
2026.03.15 20:20:45,607	WARNING	3	org.l2jmobius.commons.util.ConfigReader	Config 'LoginserverHostname' not found in file 'Server.ini', using default: 0.0.0.0.
2026.03.15 20:20:45,612	WARNING	3	org.l2jmobius.commons.util.ConfigReader	Config 'LoginserverPort' not found in file 'Server.ini', using default: 2106.
2026.03.15 20:20:45,615	WARNING	3	org.l2jmobius.commons.util.ConfigReader	Config 'AcceptNewGameServer' not found in file 'Server.ini', using default: true.
2026.03.15 20:20:45,615	WARNING	3	org.l2jmobius.commons.util.ConfigReader	Config 'LoginTryBeforeBan' not found in file 'Server.ini', using default: 5.
2026.03.15 20:20:45,616	WARNING	3	org.l2jmobius.commons.util.ConfigReader	Config 'LoginBlockAfterBan' not found in file 'Server.ini', using default: 900.
2026.03.15 20:20:45,616	WARNING	3	org.l2jmobius.commons.util.ConfigReader	Config 'LoginRestartSchedule' not found in file 'Server.ini', using default: false.
2026.03.15 20:20:45,619	WARNING	3	org.l2jmobius.commons.util.ConfigReader	Config 'LoginRestartTime' not found in file 'Server.ini', using default: 24.
2026.03.15 20:20:45,619	WARNING	3	org.l2jmobius.commons.util.ConfigReader	Config 'ShowLicence' not found in file 'Server.ini', using default: true.
2026.03.15 20:20:45,619	WARNING	3	org.l2jmobius.commons.util.ConfigReader	Config 'AutoCreateAccounts' not found in file 'Server.ini', using default: true.
2026.03.15 20:20:45,619	WARNING	3	org.l2jmobius.commons.util.ConfigReader	Config 'EnableFloodProtection' not found in file 'Server.ini', using default: true.
2026.03.15 20:20:45,619	WARNING	3	org.l2jmobius.commons.util.ConfigReader	Config 'FastConnectionLimit' not found in file 'Server.ini', using default: 15.
2026.03.15 20:20:45,619	WARNING	3	org.l2jmobius.commons.util.ConfigReader	Config 'NormalConnectionTime' not found in file 'Server.ini', using default: 700.
2026.03.15 20:20:45,619	WARNING	3	org.l2jmobius.commons.util.ConfigReader	Config 'FastConnectionTime' not found in file 'Server.ini', using default: 350.
2026.03.15 20:20:45,620	WARNING	3	org.l2jmobius.commons.util.ConfigReader	Config 'MaxConnectionPerIP' not found in file 'Server.ini', using default: 50.
2026.03.15 20:20:45,883	INFO	3	org.l2jmobius.commons.database.DatabaseFactory	Database: HikariCP pool initialized successfully.
2026.03.15 20:20:46,198	INFO	3	org.l2jmobius.commons.database.DatabaseFactory	Database: Initialized with a valid connection.
2026.03.15 20:20:46,216	INFO	3	org.l2jmobius.commons.threads.ThreadPool	ThreadPool: Initializing.
2026.03.15 20:20:46,231	INFO	3	org.l2jmobius.commons.threads.ThreadPool	...scheduled pool executor with 2 total threads.
2026.03.15 20:20:46,231	INFO	3	org.l2jmobius.commons.threads.ThreadPool	...instant pool executor with 2 total threads.
2026.03.15 20:20:46,233	INFO	3	org.l2jmobius.loginserver.LoginController	Loading LoginController...
2026.03.15 20:20:46,603	INFO	3	org.l2jmobius.loginserver.LoginController	Cached 10 KeyPairs for RSA communication.
2026.03.15 20:20:46,634	INFO	3	org.l2jmobius.loginserver.LoginController	Stored 20 keys for Blowfish communication.
2026.03.15 20:20:46,642	WARNING	3	org.l2jmobius.commons.util.IXmlReader	Cannot parse servername.xml: file does not exist or is not valid.
2026.03.15 20:20:46,642	INFO	3	org.l2jmobius.loginserver.GameServerTable	Loaded 0 server names.
2026.03.15 20:20:46,685	INFO	3	org.l2jmobius.loginserver.GameServerTable	Loaded 1 registered Game Servers.
2026.03.15 20:20:46,769	INFO	3	org.l2jmobius.loginserver.GameServerTable	Cached 10 RSA keys for Game Server communication.
2026.03.15 20:20:46,769	WARNING	3	org.l2jmobius.loginserver.LoginServer	IP Bans file (banned_ip.cfg) is missing or is a directory, skipped.
2026.03.15 20:20:46,772	INFO	3	org.l2jmobius.loginserver.LoginServer	Listening for GameServers on 127.0.0.1:9014
2026.03.15 20:20:46,801	INFO	3	org.l2jmobius.loginserver.LoginServer	LoginServer: is now listening on: 0.0.0.0:2106
