2026.03.14 01:19:08,959	INFO	3	org.l2jmobius.commons.util.IXmlReader	Network Config: ipconfig.xml does not exist, using automatic configuration...
2026.03.14 01:19:09,384	INFO	3	org.l2jmobius.commons.util.IXmlReader	Network Config: Adding new subnet: 192.168.100.0/24 address: 192.168.100.2
2026.03.14 01:19:09,384	INFO	3	org.l2jmobius.commons.util.IXmlReader	Network Config: Adding new subnet: 127.0.0.0/8 address: 127.0.0.1
2026.03.14 01:19:09,386	INFO	3	org.l2jmobius.commons.util.IXmlReader	Network Config: Adding new subnet: 0.0.0.0/0 address: 186.122.42.246
2026.03.14 01:19:09,389	INFO	3	org.l2jmobius.gameserver.config.ServerConfig	Loaded 6 Filter Words.
2026.03.14 01:19:09,448	INFO	3	org.l2jmobius.gameserver.GameServer	------------------------------------------------=[ Database ]
2026.03.14 01:19:09,607	INFO	3	org.l2jmobius.commons.database.DatabaseFactory	Database: HikariCP pool initialized successfully.
2026.03.14 01:19:09,827	INFO	3	org.l2jmobius.commons.database.DatabaseFactory	Database: Initialized with a valid connection.
2026.03.14 01:19:09,840	INFO	3	org.l2jmobius.gameserver.GameServer	----------------------------------------------=[ ThreadPool ]
2026.03.14 01:19:09,841	INFO	3	org.l2jmobius.commons.threads.ThreadPool	ThreadPool: Initializing.
2026.03.14 01:19:09,845	INFO	3	org.l2jmobius.commons.threads.ThreadPool	...scheduled pool executor with 16 high priority threads.
2026.03.14 01:19:09,854	INFO	3	org.l2jmobius.commons.threads.ThreadPool	...scheduled pool executor with 64 total threads.
2026.03.14 01:19:09,854	INFO	3	org.l2jmobius.commons.threads.ThreadPool	...instant pool executor with 32 total threads.
2026.03.14 01:19:09,857	INFO	3	org.l2jmobius.gameserver.GameServer	-----------------------------------------------=[ IdManager ]
2026.03.14 01:19:09,907	INFO	3	org.l2jmobius.gameserver.managers.DatabaseIdManager	DatabaseIdManager: Cleaned 0 elements in 0 seconds.
2026.03.14 01:19:09,912	INFO	3	org.l2jmobius.gameserver.managers.DatabaseIdManager	DatabaseIdManager: Updated character online status.
2026.03.14 01:19:09,924	INFO	3	org.l2jmobius.gameserver.managers.DatabaseIdManager	DatabaseIdManager: Cleaned 0 expired timestamps.
2026.03.14 01:19:09,941	INFO	3	org.l2jmobius.gameserver.managers.IdManager	IdManager: 102912 ids available.
2026.03.14 01:19:09,941	INFO	3	org.l2jmobius.gameserver.GameServer	----------------------------------------=[ Scripting Engine ]
2026.03.14 01:19:10,088	INFO	3	org.l2jmobius.gameserver.scripting.ScriptEngine	Loaded 384 files to exclude.
2026.03.14 01:19:10,089	INFO	3	org.l2jmobius.gameserver.GameServer	---------------------------------------------------=[ World ]
2026.03.14 01:19:10,095	INFO	3	org.l2jmobius.commons.util.IXmlReader	InstanceManager: Multiverse Instance created.
2026.03.14 01:19:10,095	INFO	3	org.l2jmobius.commons.util.IXmlReader	InstanceManager: Universe Instance created.
2026.03.14 01:19:10,114	INFO	3	org.l2jmobius.commons.util.IXmlReader	InstanceManager: Loaded 2 instance templates.
2026.03.14 01:19:10,235	INFO	3	org.l2jmobius.commons.util.IXmlReader	MapRegionManager: Loaded 42 map regions.
2026.03.14 01:19:10,248	INFO	3	org.l2jmobius.gameserver.managers.GlobalVariablesManager	GlobalVariablesManager: Loaded 4 variables.
2026.03.14 01:19:10,248	INFO	3	org.l2jmobius.gameserver.GameServer	----------------------------------------------------=[ Data ]
2026.03.14 01:19:10,272	INFO	3	org.l2jmobius.gameserver.data.xml.CategoryData	CategoryData: Loaded 160 categories.
2026.03.14 01:19:10,277	INFO	3	org.l2jmobius.gameserver.GameServer	--------------------------------------------------=[ Skills ]
2026.03.14 01:19:10,969	INFO	3	handlers.EffectMasterHandler	EffectMasterHandler: Loaded 146 effect handlers.
2026.03.14 01:19:11,210	INFO	3	org.l2jmobius.gameserver.data.xml.EnchantSkillTreeData	EnchantSkillTreeData: Loaded 14551 enchant skills.
2026.03.14 01:19:11,635	INFO	3	org.l2jmobius.commons.util.IXmlReader	SkillTreeData: Loaded 13777 Class Skills for 89 class skill trees.
2026.03.14 01:19:11,635	INFO	3	org.l2jmobius.commons.util.IXmlReader	SkillTreeData: Loaded 117 fishing skills, 8 Dwarven only fishing skills.
2026.03.14 01:19:11,637	INFO	3	org.l2jmobius.commons.util.IXmlReader	SkillTreeData: Loaded 64 clan skills, 64 for clan and 0 residential.
2026.03.14 01:19:11,637	INFO	3	org.l2jmobius.commons.util.IXmlReader	SkillTreeData: Loaded 8 noble skills.
2026.03.14 01:19:11,637	INFO	3	org.l2jmobius.commons.util.IXmlReader	SkillTreeData: Loaded 5 hero skills.
2026.03.14 01:19:11,637	INFO	3	org.l2jmobius.commons.util.IXmlReader	SkillTreeData: Loaded 25 game master skills.
2026.03.14 01:19:11,637	INFO	3	org.l2jmobius.commons.util.IXmlReader	SkillTreeData: Loaded 1 game master aura skills.
2026.03.14 01:19:13,575	INFO	3	org.l2jmobius.gameserver.data.xml.SkillData	SkillData: Loaded 29867 Skill templates from XML files.
2026.03.14 01:19:13,602	INFO	3	org.l2jmobius.gameserver.data.xml.PetSkillData	PetSkillData: Loaded 795 skills.
2026.03.14 01:19:13,602	INFO	3	org.l2jmobius.gameserver.GameServer	---------------------------------------------------=[ Items ]
2026.03.14 01:19:14,015	INFO	3	org.l2jmobius.gameserver.data.xml.ItemData	ItemData: Highest item id used: 50000
2026.03.14 01:19:14,019	INFO	3	org.l2jmobius.gameserver.data.xml.ItemData	ItemData: Loaded 6882 etc items.
2026.03.14 01:19:14,019	INFO	3	org.l2jmobius.gameserver.data.xml.ItemData	ItemData: Loaded 1106 armor items.
2026.03.14 01:19:14,019	INFO	3	org.l2jmobius.gameserver.data.xml.ItemData	ItemData: Loaded 1223 weapon items.
2026.03.14 01:19:14,019	INFO	3	org.l2jmobius.gameserver.data.xml.ItemData	ItemData: Loaded 9211 items in total.
2026.03.14 01:19:14,031	INFO	3	org.l2jmobius.commons.util.IXmlReader	EnchantItemGroupsData: Loaded 4 item group templates.
2026.03.14 01:19:14,031	INFO	3	org.l2jmobius.commons.util.IXmlReader	EnchantItemGroupsData: Loaded 1 scroll group templates.
2026.03.14 01:19:14,031	INFO	3	org.l2jmobius.commons.util.IXmlReader	EnchantItemGroupsData: Max weapon enchant is set to 16.
2026.03.14 01:19:14,031	INFO	3	org.l2jmobius.commons.util.IXmlReader	EnchantItemGroupsData: Max armor enchant is set to 16.
2026.03.14 01:19:14,031	INFO	3	org.l2jmobius.commons.util.IXmlReader	EnchantItemGroupsData: Max accessory enchant is set to 16.
2026.03.14 01:19:14,041	INFO	3	org.l2jmobius.commons.util.IXmlReader	EnchantItemData: Loaded 30 enchant scrolls.
2026.03.14 01:19:14,593	INFO	3	org.l2jmobius.gameserver.data.xml.OptionData	OptionData: Loaded 16380 options.
2026.03.14 01:19:14,603	INFO	3	org.l2jmobius.commons.util.IXmlReader	EnchantItemHPBonusData: Loaded 6 enchant HP bonuses.
2026.03.14 01:19:14,607	INFO	3	org.l2jmobius.gameserver.data.MerchantPriceConfigTable	MerchantPriceConfigTable: Loaded 27 merchant price configs.
2026.03.14 01:19:15,159	WARNING	3	org.l2jmobius.commons.util.IXmlReader	Directory not found: D:\Interlude\L2J_Mobius-master-L2J_Mobius_CT_0_Interlude\L2J_Mobius_CT_0_Interlude\dist\game\.\data\buylists\custom
2026.03.14 01:19:15,159	INFO	3	org.l2jmobius.gameserver.data.xml.BuyListData	BuyListData: Loaded 616 buyLists.
2026.03.14 01:19:15,309	INFO	3	org.l2jmobius.commons.util.IXmlReader	MultisellData: Loaded 95 multisell lists.
2026.03.14 01:19:15,345	INFO	3	org.l2jmobius.commons.util.IXmlReader	RecipeData: Loaded 871 recipes.
2026.03.14 01:19:15,359	INFO	3	org.l2jmobius.commons.util.IXmlReader	ArmorSetData: Loaded 51 armor sets.
2026.03.14 01:19:15,370	INFO	3	org.l2jmobius.commons.util.IXmlReader	FishData: Loaded 278 fishes.
2026.03.14 01:19:15,374	INFO	3	org.l2jmobius.commons.util.IXmlReader	FishingMonstersData: Loaded 8 fishing monsters.
2026.03.14 01:19:15,377	INFO	3	org.l2jmobius.commons.util.IXmlReader	FishingRodsData: Loaded 6 fishing rods.
2026.03.14 01:19:15,396	INFO	3	org.l2jmobius.commons.util.IXmlReader	HennaData: Loaded 180 henna data.
2026.03.14 01:19:15,399	INFO	3	org.l2jmobius.gameserver.GameServer	----------------------------------------------=[ Characters ]
2026.03.14 01:19:15,404	INFO	3	org.l2jmobius.gameserver.data.xml.ClassListData	ClassListData: Loaded 89 class data.
2026.03.14 01:19:15,412	INFO	3	org.l2jmobius.gameserver.data.xml.InitialEquipmentData	InitialEquipmentData: Loaded 9 initial equipment data.
2026.03.14 01:19:15,418	INFO	3	org.l2jmobius.gameserver.data.xml.InitialShortcutData	InitialShortcutData: Loaded 5 initial global shortcut data.
2026.03.14 01:19:15,418	INFO	3	org.l2jmobius.gameserver.data.xml.InitialShortcutData	InitialShortcutData: Loaded 4 initial shortcut data.
2026.03.14 01:19:15,418	INFO	3	org.l2jmobius.gameserver.data.xml.InitialShortcutData	InitialShortcutData: Loaded 0 macro presets.
2026.03.14 01:19:15,424	INFO	3	org.l2jmobius.gameserver.data.xml.ExperienceData	ExperienceData: Loaded 81 levels.
2026.03.14 01:19:15,424	INFO	3	org.l2jmobius.gameserver.data.xml.ExperienceData	ExperienceData: Max Player Level is 80.
2026.03.14 01:19:15,424	INFO	3	org.l2jmobius.gameserver.data.xml.ExperienceData	ExperienceData: Max Pet Level is 80.
2026.03.14 01:19:15,428	INFO	3	org.l2jmobius.gameserver.data.xml.ExperienceLossData	ExperienceLossData: Loaded 80 levels.
2026.03.14 01:19:15,431	INFO	3	org.l2jmobius.gameserver.data.xml.KarmaLossData	KarmaLossData: Loaded 80 modifiers.
2026.03.14 01:19:15,434	INFO	3	org.l2jmobius.commons.util.IXmlReader	HitConditionBonusData: Loaded hit condition bonuses.
2026.03.14 01:19:15,630	INFO	3	org.l2jmobius.gameserver.data.xml.PlayerTemplateData	PlayerTemplateData: Loaded 89 player templates.
2026.03.14 01:19:15,630	INFO	3	org.l2jmobius.gameserver.data.xml.PlayerTemplateData	PlayerTemplateData: Loaded 42720 level up gain records.
2026.03.14 01:19:15,634	INFO	3	org.l2jmobius.gameserver.data.sql.CharInfoTable	CharInfoTable: Loaded 1 char names.
2026.03.14 01:19:15,639	INFO	3	org.l2jmobius.gameserver.data.xml.AdminData	AdminData: Loaded 10 access levels.
2026.03.14 01:19:15,644	INFO	3	org.l2jmobius.gameserver.data.xml.AdminData	AdminData: Loaded 438 access commands.
2026.03.14 01:19:15,648	INFO	3	org.l2jmobius.gameserver.managers.RaidBossPointsManager	RaidBossPointsManager: Loaded 0 Characters Raid Points.
2026.03.14 01:19:15,729	INFO	3	org.l2jmobius.commons.util.IXmlReader	PetDataTable: Loaded 12 pets.
2026.03.14 01:19:15,738	INFO	3	org.l2jmobius.gameserver.GameServer	---------------------------------------------------=[ Clans ]
2026.03.14 01:19:15,757	INFO	3	org.l2jmobius.gameserver.communitybbs.Manager.ForumsBBSManager	ForumsBBSManager: Loaded 4 forums. Last forum id used: 4
2026.03.14 01:19:15,758	INFO	3	org.l2jmobius.gameserver.data.sql.ClanTable	ClanTable: Restored 0 clans from the database.
2026.03.14 01:19:15,772	INFO	3	org.l2jmobius.gameserver.managers.CHSiegeManager	CHSiegeManager: Loaded 6 conquerable clan halls.
2026.03.14 01:19:15,826	INFO	3	org.l2jmobius.gameserver.managers.ClanHallAuctionManager	ClanHallAuctionManager: Loaded 38 auction(s)
2026.03.14 01:19:15,828	INFO	3	org.l2jmobius.gameserver.data.sql.ClanHallTable	ClanHallTable: Loaded 0 clan halls
2026.03.14 01:19:15,828	INFO	3	org.l2jmobius.gameserver.data.sql.ClanHallTable	ClanHallTable: Loaded 38 free clan halls
2026.03.14 01:19:15,828	INFO	3	org.l2jmobius.gameserver.GameServer	-------------------------------------------------=[ Geodata ]
2026.03.14 01:19:15,851	INFO	3	org.l2jmobius.gameserver.geoengine.GeoEngine	GeoEngine: Loaded 0 regions.
2026.03.14 01:19:15,851	INFO	3	org.l2jmobius.gameserver.geoengine.GeoEngine	GeoEngine: Pathfinding is disabled.
2026.03.14 01:19:15,851	INFO	3	org.l2jmobius.gameserver.GameServer	----------------------------------------------------=[ NPCs ]
2026.03.14 01:19:15,886	INFO	3	org.l2jmobius.gameserver.managers.ZoneManager	ZoneManager 12 by 17 Zone Region Grid set up.
2026.03.14 01:19:17,005	INFO	3	org.l2jmobius.commons.util.IXmlReader	NpcData: Loaded 6519 NPCs.
2026.03.14 01:19:17,036	INFO	3	org.l2jmobius.commons.util.IXmlReader	NpcData: Loaded 18 custom NPCs.
2026.03.14 01:19:17,042	INFO	3	org.l2jmobius.commons.util.IXmlReader	SkillLearnData: Loaded 217 skill learn data.
2026.03.14 01:19:17,046	INFO	3	org.l2jmobius.gameserver.managers.GrandBossManager	GrandBossManager: Gigantic Chaos Golem(25512) status is 0.
2026.03.14 01:19:17,047	INFO	3	org.l2jmobius.gameserver.managers.GrandBossManager	GrandBossManager: Queen Ant(29001) status is 0.
2026.03.14 01:19:17,047	INFO	3	org.l2jmobius.gameserver.managers.GrandBossManager	GrandBossManager: Core(29006) status is 0.
2026.03.14 01:19:17,047	INFO	3	org.l2jmobius.gameserver.managers.GrandBossManager	GrandBossManager: Orfen(29014) status is 0.
2026.03.14 01:19:17,047	INFO	3	org.l2jmobius.gameserver.managers.GrandBossManager	GrandBossManager: Antharas(29019) status is 0.
2026.03.14 01:19:17,048	INFO	3	org.l2jmobius.gameserver.managers.GrandBossManager	GrandBossManager: Baium(29020) status is 0.
2026.03.14 01:19:17,048	INFO	3	org.l2jmobius.gameserver.managers.GrandBossManager	GrandBossManager: Zaken(29022) status is 0.
2026.03.14 01:19:17,048	INFO	3	org.l2jmobius.gameserver.managers.GrandBossManager	GrandBossManager: Valakas(29028) status is 0.
2026.03.14 01:19:17,048	INFO	3	org.l2jmobius.gameserver.managers.GrandBossManager	GrandBossManager: Frintezza(29045) status is 0.
2026.03.14 01:19:17,048	INFO	3	org.l2jmobius.gameserver.managers.GrandBossManager	GrandBossManager: Loaded 9 Instances
2026.03.14 01:19:17,178	INFO	3	org.l2jmobius.gameserver.managers.ZoneManager	ZoneManager: Loaded 29 zone classes and 2411 zones.
2026.03.14 01:19:17,181	INFO	3	org.l2jmobius.gameserver.managers.ZoneManager	ZoneManager: Last static id 200224.
2026.03.14 01:19:17,247	INFO	3	org.l2jmobius.commons.util.IXmlReader	DoorData: Loaded 547 doors.
2026.03.14 01:19:17,255	INFO	3	FenceData	FenceData: Loaded 1 fences.
2026.03.14 01:19:17,273	INFO	3	org.l2jmobius.gameserver.data.xml.LevelUpCrystalData	Soul crystal data : Loaded 39
2026.03.14 01:19:17,274	INFO	3	org.l2jmobius.gameserver.data.xml.LevelUpCrystalData	Npc leveling crystal data : Loaded 125
2026.03.14 01:19:17,284	INFO	3	org.l2jmobius.gameserver.managers.WalkingManager	WalkingManager: Loaded 14 walking routes.
2026.03.14 01:19:17,294	INFO	3	org.l2jmobius.commons.util.IXmlReader	StaticObjectData: Loaded 29 static object templates.
2026.03.14 01:19:17,309	INFO	3	org.l2jmobius.gameserver.managers.CastleManager	CastleManager: Loaded 9 castles
2026.03.14 01:19:17,318	INFO	3	org.l2jmobius.gameserver.data.SchemeBufferTable	SchemeBufferTable: Loaded 0 players schemes and 60 available buffs.
2026.03.14 01:19:17,319	INFO	3	org.l2jmobius.gameserver.managers.GrandBossManager	GrandBossManager: Initialized 10 Grand Boss Zones
2026.03.14 01:19:17,322	INFO	3	org.l2jmobius.gameserver.GameServer	------------------------------------------------=[ Olympiad ]
2026.03.14 01:19:17,333	INFO	3	org.l2jmobius.gameserver.model.olympiad.Olympiad	Olympiad System: Loading Olympiad System....
2026.03.14 01:19:17,333	INFO	3	org.l2jmobius.gameserver.model.olympiad.Olympiad	Olympiad System: Currently in Olympiad Period
2026.03.14 01:19:17,333	INFO	3	org.l2jmobius.gameserver.model.olympiad.Olympiad	Olympiad System: 18 days, 10 hours and 40 mins until period ends.
2026.03.14 01:19:17,333	INFO	3	org.l2jmobius.gameserver.model.olympiad.Olympiad	Olympiad System: Next weekly change is in 5 days, 20 hours and 22 mins.
2026.03.14 01:19:17,333	INFO	3	org.l2jmobius.gameserver.model.olympiad.Olympiad	Olympiad System: Loaded 0 Nobles
2026.03.14 01:19:17,342	INFO	3	org.l2jmobius.gameserver.model.olympiad.Olympiad	Olympiad System: Competition Period Starts in 0 days, 16 hours and 40 mins.
2026.03.14 01:19:17,357	INFO	3	org.l2jmobius.gameserver.model.olympiad.Olympiad	Olympiad System: Event starts/started : Sat Mar 14 18:00:17 GMT-03:00 2026
2026.03.14 01:19:17,362	INFO	3	org.l2jmobius.gameserver.model.olympiad.Hero	Hero System: Loaded 0 Heroes.
2026.03.14 01:19:17,362	INFO	3	org.l2jmobius.gameserver.model.olympiad.Hero	Hero System: Loaded 0 all time Heroes.
2026.03.14 01:19:17,364	INFO	3	org.l2jmobius.gameserver.GameServer	---------------------------------------------=[ Seven Signs ]
2026.03.14 01:19:17,368	INFO	3	org.l2jmobius.gameserver.model.sevensigns.SevenSigns	SevenSigns: Currently in the Competition (Quest Event) period!
2026.03.14 01:19:17,369	INFO	3	org.l2jmobius.gameserver.model.sevensigns.SevenSigns	SevenSigns: The Seal of Avarice remains unclaimed.
2026.03.14 01:19:17,369	INFO	3	org.l2jmobius.gameserver.model.sevensigns.SevenSigns	SevenSigns: The Seal of Gnosis remains unclaimed.
2026.03.14 01:19:17,369	INFO	3	org.l2jmobius.gameserver.model.sevensigns.SevenSigns	SevenSigns: The Seal of Strife remains unclaimed.
2026.03.14 01:19:17,369	INFO	3	org.l2jmobius.gameserver.model.sevensigns.SevenSigns	SevenSigns: The competition, if the current trend continues, will end in a tie this week.
2026.03.14 01:19:17,369	INFO	3	org.l2jmobius.gameserver.model.sevensigns.SevenSigns	SevenSigns: Next period change set to Mon Mar 16 18:00:17 GMT-03:00 2026
2026.03.14 01:19:17,371	INFO	3	org.l2jmobius.gameserver.model.sevensigns.SevenSigns	SevenSigns: Next period begins in 2 days, 16 hours, 40 minutes, 59 seconds, 997 milliseconds
2026.03.14 01:19:17,371	INFO	3	org.l2jmobius.gameserver.GameServer	---------------------------------------------------=[ Cache ]
2026.03.14 01:19:17,372	INFO	3	org.l2jmobius.gameserver.cache.HtmCache	Cache[HTML]: Running lazy cache.
2026.03.14 01:19:17,375	INFO	3	org.l2jmobius.gameserver.data.sql.CrestTable	CrestTable: Loaded 0 Crests.
2026.03.14 01:19:17,593	INFO	3	org.l2jmobius.gameserver.data.xml.TeleporterData	TeleporterData: Loaded 142 npc teleporters.
2026.03.14 01:19:17,647	INFO	3	org.l2jmobius.gameserver.data.AugmentationData	AugmentationData: Loaded 22640 augmentations.
2026.03.14 01:19:17,658	INFO	3	org.l2jmobius.gameserver.managers.CursedWeaponsManager	CursedWeaponsManager: Loaded : 2 cursed weapon(s).
2026.03.14 01:19:17,658	INFO	3	org.l2jmobius.gameserver.GameServer	-------------------------------------------------=[ Scripts ]
2026.03.14 01:19:17,660	INFO	3	org.l2jmobius.gameserver.GameServer	Loading server scripts...
2026.03.14 01:19:18,061	INFO	3	handlers.MasterHandler	Loading Handlers...
2026.03.14 01:19:18,146	INFO	3	handlers.MasterHandler	ActionHandler: Loaded 10 handlers.
2026.03.14 01:19:18,146	INFO	3	handlers.MasterHandler	ActionShiftHandler: Loaded 6 handlers.
2026.03.14 01:19:18,146	INFO	3	handlers.MasterHandler	AdminCommandHandler: Loaded 451 handlers.
2026.03.14 01:19:18,146	INFO	3	handlers.MasterHandler	BypassHandler: Loaded 38 handlers.
2026.03.14 01:19:18,146	INFO	3	handlers.MasterHandler	ChatHandler: Loaded 14 handlers.
2026.03.14 01:19:18,146	INFO	3	handlers.MasterHandler	CommunityBoardHandler: Loaded 27 handlers.
2026.03.14 01:19:18,146	INFO	3	handlers.MasterHandler	ItemHandler: Loaded 25 handlers.
2026.03.14 01:19:18,146	INFO	3	handlers.MasterHandler	PunishmentHandler: Loaded 3 handlers.
2026.03.14 01:19:18,146	INFO	3	handlers.MasterHandler	UserCommandHandler: Loaded 15 handlers.
2026.03.14 01:19:18,146	INFO	3	handlers.MasterHandler	VoicedCommandHandler: Loaded 7 handlers.
2026.03.14 01:19:18,146	INFO	3	handlers.MasterHandler	TargetHandler: Loaded 34 handlers.
2026.03.14 01:19:18,146	INFO	3	handlers.MasterHandler	Handlers Loaded...
2026.03.14 01:19:28,292	INFO	3	ai.areas.ImperialTomb.FourSepulchers.FourSepulchers	[Four Sepulchers] Loaded 762 spawn zones data.
2026.03.14 01:19:28,392	INFO	3	org.l2jmobius.commons.util.IXmlReader	NpcBuffersData: Loaded 10 buffers data.
2026.03.14 01:19:28,431	CONFIG	3	conquerablehalls.BanditStronghold.BanditStronghold	Bandit StrongHold siege scheduled for Thu Mar 26 12:00:00 GMT-03:00 2026.
2026.03.14 01:19:28,435	CONFIG	3	conquerablehalls.DevastatedCastle.DevastatedCastle	Devastated Castle siege scheduled for Thu Mar 26 12:00:00 GMT-03:00 2026.
2026.03.14 01:19:28,439	CONFIG	3	conquerablehalls.FortressOfResistance.FortressOfResistance	Fortress of Resistance siege scheduled for Thu Mar 26 12:00:00 GMT-03:00 2026.
2026.03.14 01:19:28,443	CONFIG	3	conquerablehalls.FortressOfTheDead.FortressOfTheDead	Fortress of the Dead siege scheduled for Thu Mar 26 12:00:00 GMT-03:00 2026.
2026.03.14 01:19:28,448	CONFIG	3	conquerablehalls.RainbowSpringsChateau.RainbowSpringsChateau	Rainbow Springs siege scheduled for Thu Mar 26 12:00:00 GMT-03:00 2026.
2026.03.14 01:19:28,452	CONFIG	3	conquerablehalls.WildBeastReserve.WildBeastReserve	Beast Farm siege scheduled for Thu Mar 26 12:00:00 GMT-03:00 2026.
2026.03.14 01:19:28,480	INFO	3	org.l2jmobius.commons.util.IXmlReader	Event Capture The Flag scheduled at 14/03/2026 22:00:00
2026.03.14 01:19:28,491	INFO	3	org.l2jmobius.commons.util.IXmlReader	Event Deathmatch scheduled at 14/03/2026 21:00:00
2026.03.14 01:19:28,509	INFO	3	org.l2jmobius.commons.util.IXmlReader	Event Team Vs Team scheduled at 14/03/2026 20:00:00
2026.03.14 01:19:28,549	INFO	3	org.l2jmobius.gameserver.model.script.Quest	Event Christmas has passed... Ignored 
2026.03.14 01:19:28,554	INFO	3	org.l2jmobius.gameserver.model.script.Quest	Event Heavy Medal has passed... Ignored 
2026.03.14 01:19:28,559	INFO	3	org.l2jmobius.gameserver.model.script.Quest	Event L2 Day has passed... Ignored 
2026.03.14 01:19:29,028	INFO	3	org.l2jmobius.gameserver.data.xml.SpawnData	SpawnData: Initializing spawns...
2026.03.14 01:19:30,869	INFO	3	org.l2jmobius.gameserver.data.xml.SpawnData	SpawnData: 35847 spawns have been initialized!
2026.03.14 01:19:30,871	INFO	3	org.l2jmobius.gameserver.managers.DayNightSpawnManager	DayNightSpawnManager: Removed 0 night creatures
2026.03.14 01:19:30,876	INFO	3	org.l2jmobius.gameserver.managers.DayNightSpawnManager	DayNightSpawnManager: Spawned 232 day creatures
2026.03.14 01:19:30,881	INFO	3	org.l2jmobius.gameserver.managers.DimensionalRiftManager	DimensionalRiftManager: Loaded 7 room types with 56 rooms.
2026.03.14 01:19:30,888	INFO	3	org.l2jmobius.gameserver.managers.DimensionalRiftManager	DimensionalRiftManager: Loaded 462 dimensional rift spawns, 0 errors.
2026.03.14 01:19:30,913	INFO	3	org.l2jmobius.gameserver.managers.RaidBossSpawnManager	RaidBossSpawnManager: Loaded 189 Instances
2026.03.14 01:19:30,913	INFO	3	org.l2jmobius.gameserver.managers.RaidBossSpawnManager	RaidBossSpawnManager: Scheduled 0 Instances
2026.03.14 01:19:30,913	INFO	3	org.l2jmobius.gameserver.GameServer	---------------------------------------------------=[ Siege ]
2026.03.14 01:19:30,925	INFO	3	org.l2jmobius.gameserver.data.xml.SiegeScheduleData	SiegeScheduleData: Loaded 9 siege schedulers.
2026.03.14 01:19:30,925	INFO	3	org.l2jmobius.gameserver.model.siege.Siege	Siege of Gludio: Sun Mar 22 16:00:00 GMT-03:00 2026
2026.03.14 01:19:30,928	INFO	3	org.l2jmobius.gameserver.model.siege.Siege	Siege of Dion: Sun Mar 22 20:00:00 GMT-03:00 2026
2026.03.14 01:19:30,929	INFO	3	org.l2jmobius.gameserver.model.siege.Siege	Siege of Giran: Sun Mar 22 16:00:00 GMT-03:00 2026
2026.03.14 01:19:30,929	INFO	3	org.l2jmobius.gameserver.model.siege.Siege	Siege of Oren: Sun Mar 22 20:00:00 GMT-03:00 2026
2026.03.14 01:19:30,930	INFO	3	org.l2jmobius.gameserver.model.siege.Siege	Siege of Aden: Sun Mar 22 16:00:00 GMT-03:00 2026
2026.03.14 01:19:30,930	INFO	3	org.l2jmobius.gameserver.model.siege.Siege	Siege of Innadril: Sun Mar 22 20:00:00 GMT-03:00 2026
2026.03.14 01:19:30,930	INFO	3	org.l2jmobius.gameserver.model.siege.Siege	Siege of Goddard: Sun Mar 22 16:00:00 GMT-03:00 2026
2026.03.14 01:19:30,931	INFO	3	org.l2jmobius.gameserver.model.siege.Siege	Siege of Rune: Sun Mar 22 20:00:00 GMT-03:00 2026
2026.03.14 01:19:30,931	INFO	3	org.l2jmobius.gameserver.model.siege.Siege	Siege of Schuttgart: Sun Mar 22 16:00:00 GMT-03:00 2026
2026.03.14 01:19:30,947	INFO	3	org.l2jmobius.commons.util.IXmlReader	CastleManorManager: Loaded 258 seeds.
2026.03.14 01:19:30,955	INFO	3	org.l2jmobius.commons.util.IXmlReader	CastleManorManager: Manor data loaded.
2026.03.14 01:19:30,959	INFO	3	org.l2jmobius.gameserver.managers.MercTicketManager	MercTicketManager: Loaded 0 Mercenary Tickets
2026.03.14 01:19:30,959	INFO	3	org.l2jmobius.gameserver.managers.ScriptManager	ScriptManager: Loaded 342 quests.
2026.03.14 01:19:30,960	INFO	3	org.l2jmobius.gameserver.managers.ScriptManager	ScriptManager: Loaded 123 scripts.
2026.03.14 01:19:30,965	INFO	3	org.l2jmobius.gameserver.managers.games.MonsterRaceManager	MonsterRace: loaded 6 records, currently on race #7
2026.03.14 01:19:31,031	INFO	3	org.l2jmobius.gameserver.model.sevensigns.SevenSignsFestival	SevenSignsFestival: The first Festival of Darkness cycle begins in 2 minute(s).
2026.03.14 01:19:31,031	INFO	3	org.l2jmobius.gameserver.GameServer	AutoSpawnHandler: Loaded 124 handlers in total.
2026.03.14 01:19:31,037	INFO	3	org.l2jmobius.gameserver.managers.DailyResetManager	DailyResetManager: Next schedule at 14/03/2026 06:30:00.
2026.03.14 01:19:31,042	INFO	3	org.l2jmobius.gameserver.managers.PunishmentManager	PunishmentManager: Loaded 0 active and 0 expired punishments.
2026.03.14 01:19:31,043	INFO	3	org.l2jmobius.gameserver.GameServer	IdManager: Free ObjectID's remaining: 1879008122
2026.03.14 01:19:31,045	INFO	3	org.l2jmobius.gameserver.data.sql.OfflineTraderTable	OfflineTraderTable: Loading offline traders...
2026.03.14 01:19:31,046	INFO	3	org.l2jmobius.gameserver.data.sql.OfflineTraderTable	OfflineTraderTable: Loaded 0 offline traders.
2026.03.14 01:19:31,048	INFO	186	org.l2jmobius.commons.util.DeadlockWatcher	DeadlockWatcher: Thread started.
2026.03.14 01:19:31,944	INFO	3	org.l2jmobius.gameserver.GameServer	GameServer: Started, using 528 of 8170 MB total memory.
2026.03.14 01:19:31,944	INFO	3	org.l2jmobius.gameserver.GameServer	GameServer: Maximum number of connected players is 2000.
2026.03.14 01:19:31,945	INFO	3	org.l2jmobius.gameserver.GameServer	GameServer: Server loaded in 23 seconds.
2026.03.14 01:19:31,974	INFO	192	org.l2jmobius.gameserver.LoginServerThread	LoginServerThread: Connecting to login on 127.0.0.1:9014
2026.03.14 01:19:31,997	INFO	192	org.l2jmobius.gameserver.LoginServerThread	LoginServerThread: Registered on login as Server 2: Sieghardt
2026.03.14 01:19:37,907	WARNING	206	org.l2jmobius.gameserver.model.actor.Creature	Master access level set for character 1! Just a warning to be careful ;)
2026.03.14 01:32:51,185	WARNING	62	org.l2jmobius.gameserver.Shutdown	Server scheduled restart issued shutdown command. Shutdown in 1 seconds!
2026.03.14 01:32:52,188	WARNING	334	org.l2jmobius.gameserver.Shutdown	GM shutdown countdown is over. shutting down NOW!
2026.03.14 01:32:52,209	INFO	334	org.l2jmobius.gameserver.Shutdown	All players disconnected and saved(20ms).
2026.03.14 01:32:52,209	INFO	334	org.l2jmobius.gameserver.Shutdown	Game Time Task Manager: Thread interruped(0ms).
2026.03.14 01:32:52,209	INFO	334	org.l2jmobius.commons.threads.ThreadPool	ThreadPool: Shutting down all thread pools.
2026.03.14 01:32:52,219	INFO	334	org.l2jmobius.gameserver.Shutdown	Thread Pool Manager: Manager has been shut down(10ms).
2026.03.14 01:32:52,219	INFO	334	org.l2jmobius.gameserver.Shutdown	Login Server Thread: Thread interruped(0ms).
2026.03.14 01:32:52,219	INFO	334	org.l2jmobius.gameserver.Shutdown	GM shutdown received. Shutting down NOW!
2026.03.14 01:32:52,231	INFO	334	org.l2jmobius.gameserver.Shutdown	SevenSignsFestival: Festival data saved(12ms).
2026.03.14 01:32:52,232	INFO	334	org.l2jmobius.gameserver.Shutdown	SevenSigns: Seven Signs data saved(1ms).
2026.03.14 01:32:52,234	INFO	334	org.l2jmobius.gameserver.Shutdown	SevenSigns: Seven Signs status saved(2ms).
2026.03.14 01:32:52,269	INFO	334	org.l2jmobius.gameserver.Shutdown	RaidBossSpawnManager: All raidboss info saved(35ms).
2026.03.14 01:32:52,274	INFO	334	org.l2jmobius.gameserver.Shutdown	GrandBossManager: All Grand Boss info saved(5ms).
2026.03.14 01:32:52,275	INFO	334	org.l2jmobius.gameserver.Shutdown	Olympiad System: Data saved(1ms).
2026.03.14 01:32:52,276	INFO	334	org.l2jmobius.gameserver.Shutdown	Hero System: Data saved(1ms).
2026.03.14 01:32:52,276	INFO	334	org.l2jmobius.gameserver.Shutdown	Clan System: Data saved(0ms).
2026.03.14 01:32:52,277	INFO	334	org.l2jmobius.gameserver.Shutdown	Cursed Weapons Manager: Data saved(1ms).
2026.03.14 01:32:52,279	INFO	334	org.l2jmobius.gameserver.Shutdown	Castle Manor Manager: Data saved(2ms).
2026.03.14 01:32:52,280	CONFIG	334	conquerablehalls.FortressOfTheDead.FortressOfTheDead	FortressOfTheDead: Successfully saved attackers to database.
2026.03.14 01:32:52,280	CONFIG	334	conquerablehalls.DevastatedCastle.DevastatedCastle	DevastatedCastle: Successfully saved attackers to database.
2026.03.14 01:32:52,281	CONFIG	334	conquerablehalls.BanditStronghold.BanditStronghold	BanditStronghold: Successfully saved attackers to database.
2026.03.14 01:32:52,281	CONFIG	334	conquerablehalls.FortressOfResistance.FortressOfResistance	FortressOfResistance: Successfully saved attackers to database.
2026.03.14 01:32:52,281	CONFIG	334	conquerablehalls.RainbowSpringsChateau.RainbowSpringsChateau	RainbowSpringsChateau: Successfully saved attackers to database.
2026.03.14 01:32:52,282	CONFIG	334	conquerablehalls.WildBeastReserve.WildBeastReserve	WildBeastReserve: Successfully saved attackers to database.
2026.03.14 01:32:52,282	INFO	334	org.l2jmobius.gameserver.Shutdown	CHSiegeManager: Siegable hall attacker lists saved!
2026.03.14 01:32:52,282	INFO	334	org.l2jmobius.gameserver.Shutdown	Script Manager: Data saved(3ms).
2026.03.14 01:32:52,293	INFO	334	org.l2jmobius.gameserver.managers.GlobalVariablesManager	GlobalVariablesManager: Stored 4 variables.
2026.03.14 01:32:52,293	INFO	334	org.l2jmobius.gameserver.Shutdown	Global Variables Manager: Variables saved(11ms).
2026.03.14 01:32:52,294	INFO	334	org.l2jmobius.gameserver.Shutdown	Fishing Championship data has been saved.
2026.03.14 01:32:52,314	INFO	334	org.l2jmobius.gameserver.Shutdown	SchemeBufferTable data has been saved.
2026.03.14 01:32:57,318	INFO	334	org.l2jmobius.commons.database.DatabaseFactory	Database: HikariCP pool closed successfully.
2026.03.14 01:32:57,318	INFO	334	org.l2jmobius.gameserver.Shutdown	Database Factory: Database connection has been shut down(2ms).
2026.03.14 01:32:57,318	INFO	334	org.l2jmobius.gameserver.Shutdown	The server has been successfully shut down in 5seconds.
